<?xml version="1.0" encoding="UTF-8"?>
<!-- Generated by org.testng.reporters.JUnitReportReporter -->
<testsuite hostname="SAMSUNG" failures="0" tests="1" name="tests.ProductWorkflowTest" time="30.551" errors="0" timestamp="2025-10-21T01:29:19 IST" skipped="0">
  <testcase classname="tests.ProductWorkflowTest" name="testProductWorkflow" time="30.551"/>
</testsuite> <!-- tests.ProductWorkflowTest -->
